Build started 1/20/2023 4:44:08 PM.
     1>Project "C:\Users\Zekcrom\Documents\GitHub\MuOnline\MAIN_ULTIMO\Main\Main.vcxproj" on node 2 (build target(s)).
     1>InitializeBuildStatus:
         Creating "Release\Main.unsuccessfulbuild" because "AlwaysCreate" was specified.
       ClCompile:
         All outputs are up-to-date.
         C:\Program Files (x86)\Microsoft Visual Studio 10.0\VC\bin\CL.exe /c /Zi /nologo /W0 /WX- /O2 /Oi /Oy- /GL /D WIN32 /D NDEBUG /D _WINDOWS /D _USRDLL /D MAIN_EXPORTS /D _WINDLL /D _MBCS /Gm- /EHsc /MD /GS /Gy /fp:precise /Zc:wchar_t /Zc:forScope /Yu"StdAfx.h" /Fp"Release\Main.pch" /Fo"Release\\" /Fd"Release\vc100.pdb" /Gd /TP /analyze- /errorReport:prompt MiniMap.cpp
         MiniMap.cpp
       ResourceCompile:
         All outputs are up-to-date.
       Link:
         C:\Program Files (x86)\Microsoft Visual Studio 10.0\VC\bin\link.exe /ERRORREPORT:PROMPT /OUT:"C:\Users\Zekcrom\Documents\GitHub\MuOnline\MAIN_ULTIMO\Release\Main.dll" /INCREMENTAL:NO /NOLOGO kernel32.lib user32.lib gdi32.lib winspool.lib comdlg32.lib advapi32.lib shell32.lib ole32.lib oleaut32.lib uuid.lib odbc32.lib odbccp32.lib /MANIFEST /ManifestFile:"Release\Main.dll.intermediate.manifest" /MANIFESTUAC:"level='asInvoker' uiAccess='false'" /DEBUG /PDB:"C:\Users\Zekcrom\Documents\GitHub\MuOnline\MAIN_ULTIMO\Release\Main.pdb" /SUBSYSTEM:WINDOWS /OPT:REF /OPT:ICF /LTCG /TLBID:1 /DYNAMICBASE /NXCOMPAT /IMPLIB:"C:\Users\Zekcrom\Documents\GitHub\MuOnline\MAIN_ULTIMO\Release\Main.lib" /MACHINE:X86 /DLL Release\Main.res
         Release\CCRC32.obj
         Release\Achievements.obj
         Release\Antilag.obj
         Release\AutoLogin.obj
         Release\BuffIcon.obj
         Release\Camera.obj
         Release\cape.obj
         Release\CChatClassic.obj
         Release\CChatEx.obj
         Release\cCPetRenderMesh.obj
         Release\Central.obj
         Release\ChangeClass.obj
         Release\ChatExpanded.obj
         Release\CMacroUIEx.obj
         Release\Common.obj
         Release\Connection.obj
         Release\ConnectServer.obj
         Release\Controller.obj
         Release\CriticalSection.obj
         Release\CSCharacterS13.obj
         Release\CSmithItem.obj
         Release\CUIMng.obj
         Release\CustomBow.obj
         Release\CustomBuyVip.obj
         Release\CustomCloak.obj
         Release\CustomCommandInfo.obj
         Release\CustomEffectRemake.obj
         Release\CustomEventTime.obj
         Release\CustomFog.obj
         Release\CustomFont.obj
         Release\CustomGloves.obj
         Release\CustomPetEffect.obj
         Release\FullViewMode.obj
         Release\GetBarChat.obj
         Release\GLFont.obj
         Release\GrandResetSystem.obj
         Release\HWID.obj
         Release\InfoLog.obj
         Release\CustomItem.obj
         Release\Inter3.obj
         Release\ItemManager.obj
         Release\ItemTooltip.obj
         Release\ItemTRSData.obj
         Release\CustomItemPrice.obj
         Release\CustomJewel.obj
         Release\CustomMap.obj
         Release\CustomMessage.obj
         Release\CustomMonster.obj
         Release\CustomMonsterGlow.obj
         Release\CustomNpcName.obj
         Release\CustomPet.obj
         Release\CustomRankUser.obj
         Release\CustomWing.obj
         Release\DynamicEffect.obj
         Release\Fix.obj
         Release\HackCheck.obj
         Release\HealthBar.obj
         Release\InterEx.obj
         Release\Interface.obj
         Release\Item.obj
         Release\ItemInfoEx.obj
         Release\ItemRemake.obj
         Release\ItemShopValue.obj
         Release\ItemSmoke.obj
         Release\JewelryBank.obj
         Release\LargeRand.obj
         Release\LuckyWheel.obj
         Release\Main.obj
         Release\MasterSkillPoint.obj
         Release\MemScript.obj
         Release\MiniMap.obj
         Release\MiniMapInfo.obj
         Release\ModelEffect.obj
         Release\MonsterEffect.obj
         Release\MonsterGlow.obj
         Release\MonsterHpBar.obj
         Release\MuHelper.obj
         Release\MultiSelect.obj
         Release\NewUIEnterBloodCastle.obj
         Release\NoShadow.obj
         Release\OffTrade.obj
         Release\OptionBox.obj
         Release\PacketManager.obj
         Release\PartyBar.obj
         Release\PartyBuffs.obj
         Release\PartySearch.obj
         Release\PartySearchSettings.obj
         Release\Pet.obj
         Release\PetHook.obj
         Release\PetMontura.obj
         Release\PetProtocol.obj
         Release\PetTooltip.obj
         Release\postInterface.obj
         Release\post_item.obj
         Release\PrintPlayer.obj
         Release\proah.obj
         Release\Protect.obj
         Release\Protocol.obj
         Release\QuickCommandWindow.obj
         Release\Radar.obj
         Release\Ranking.obj
         Release\RankingEx.obj
         Release\Reconnect.obj
         Release\RenderSkillDarkhorse.obj
         Release\ResetSystem.obj
         Release\ResetSystemPanel.obj
         Release\Resolution.obj
         Release\Ruud.obj
         Release\SceneCreate.obj
         Release\SCharacterS3.obj
         Release\SelectChar.obj
         Release\SeparateChat.obj
         Release\ServerInfo.obj
         Release\ServerSelWin.obj
         Release\SetEffect.obj
         Release\ShopSearch.obj
         Release\SItemOption.obj
         Release\MasterSkill.obj
         Release\SItemSetOption.obj
         Release\SmithItem.obj
         Release\SmoothCamera.obj
         Release\StaticEffect.obj
         Release\StatsAdvance.obj
         Release\stdafx.obj
         Release\SwitchServer.obj
         Release\test.obj
         Release\TMemory.obj
         Release\ToolKit.obj
         Release\TrayModeNew.obj
         Release\User.obj
         Release\Util.obj
         Release\ware.obj
         Release\WeatherFix.obj
         Release\WindowsQuest.obj
         Release\WindowsStruct.obj
         Release\WingBright.obj
         Release\zzzmathlib.obj
            Creating library C:\Users\Zekcrom\Documents\GitHub\MuOnline\MAIN_ULTIMO\Release\Main.lib and object C:\Users\Zekcrom\Documents\GitHub\MuOnline\MAIN_ULTIMO\Release\Main.exp
         Generating code
         Finished generating code
     1>wzMUQuiz.lib(Client.obj) : warning LNK4099: PDB 'vc100.pdb' was not found with 'wzMUQuiz.lib(Client.obj)' or at 'C:\Users\Zekcrom\Documents\GitHub\MuOnline\MAIN_ULTIMO\Release\vc100.pdb'; linking object as if no debug info
     1>wzMUQuiz.lib(stdafx.obj) : warning LNK4099: PDB 'vc100.pdb' was not found with 'wzMUQuiz.lib(stdafx.obj)' or at 'C:\Users\Zekcrom\Documents\GitHub\MuOnline\MAIN_ULTIMO\Release\vc100.pdb'; linking object as if no debug info
     1>wzMUQuiz.lib(UIControl.obj) : warning LNK4099: PDB 'vc100.pdb' was not found with 'wzMUQuiz.lib(UIControl.obj)' or at 'C:\Users\Zekcrom\Documents\GitHub\MuOnline\MAIN_ULTIMO\Release\vc100.pdb'; linking object as if no debug info
     1>detours.lib(detours.obj) : warning LNK4099: PDB 'detours.pdb' was not found with 'detours.lib(detours.obj)' or at 'C:\Users\Zekcrom\Documents\GitHub\MuOnline\MAIN_ULTIMO\Release\detours.pdb'; linking object as if no debug info
     1>detours.lib(disasm.obj) : warning LNK4099: PDB 'detours.pdb' was not found with 'detours.lib(disasm.obj)' or at 'C:\Users\Zekcrom\Documents\GitHub\MuOnline\MAIN_ULTIMO\Release\detours.pdb'; linking object as if no debug info
         Main.vcxproj -> C:\Users\Zekcrom\Documents\GitHub\MuOnline\MAIN_ULTIMO\Release\Main.dll
       Manifest:
         C:\Program Files (x86)\Microsoft SDKs\Windows\v7.0A\bin\mt.exe /nologo /verbose /outputresource:"C:\Users\Zekcrom\Documents\GitHub\MuOnline\MAIN_ULTIMO\Release\Main.dll;#2" /manifest Release\Main.dll.intermediate.manifest
       FinalizeBuildStatus:
         Deleting file "Release\Main.unsuccessfulbuild".
         Touching "Release\Main.lastbuildstate".
     1>Done Building Project "C:\Users\Zekcrom\Documents\GitHub\MuOnline\MAIN_ULTIMO\Main\Main.vcxproj" (build target(s)).

Build succeeded.

Time Elapsed 00:00:05.63
