F:\MU\ZXGAMES V6.0 FULL PREMIUM\ZXGAMES_SOURCE_6.1\MAIN_ULTIMO\MAIN\RELEASE\ACHIEVEMENTS.OBJ
F:\MU\ZXGAMES V6.0 FULL PREMIUM\ZXGAMES_SOURCE_6.1\MAIN_ULTIMO\MAIN\RELEASE\ANTILAG.OBJ
F:\MU\ZXGAMES V6.0 FULL PREMIUM\ZXGAMES_SOURCE_6.1\MAIN_ULTIMO\MAIN\RELEASE\BUFFICON.OBJ
F:\MU\ZXGAMES V6.0 FULL PREMIUM\ZXGAMES_SOURCE_6.1\MAIN_ULTIMO\MAIN\RELEASE\CAMERA.OBJ
F:\MU\ZXGAMES V6.0 FULL PREMIUM\ZXGAMES_SOURCE_6.1\MAIN_ULTIMO\MAIN\RELEASE\CAPE.OBJ
F:\MU\ZXGAMES V6.0 FULL PREMIUM\ZXGAMES_SOURCE_6.1\MAIN_ULTIMO\MAIN\RELEASE\CCHATCLASSIC.OBJ
F:\MU\ZXGAMES V6.0 FULL PREMIUM\ZXGAMES_SOURCE_6.1\MAIN_ULTIMO\MAIN\RELEASE\CCHATEX.OBJ
F:\MU\ZXGAMES V6.0 FULL PREMIUM\ZXGAMES_SOURCE_6.1\MAIN_ULTIMO\MAIN\RELEASE\CCPETRENDERMESH.OBJ
F:\MU\ZXGAMES V6.0 FULL PREMIUM\ZXGAMES_SOURCE_6.1\MAIN_ULTIMO\MAIN\RELEASE\CCRC32.OBJ
F:\MU\ZXGAMES V6.0 FULL PREMIUM\ZXGAMES_SOURCE_6.1\MAIN_ULTIMO\MAIN\RELEASE\CENTRAL.OBJ
F:\MU\ZXGAMES V6.0 FULL PREMIUM\ZXGAMES_SOURCE_6.1\MAIN_ULTIMO\MAIN\RELEASE\CHANGECLASS.OBJ
F:\MU\ZXGAMES V6.0 FULL PREMIUM\ZXGAMES_SOURCE_6.1\MAIN_ULTIMO\MAIN\RELEASE\CHATEXPANDED.OBJ
F:\MU\ZxGames V6.0 Full Premium\ZxGames_source_6.1\MAIN_ULTIMO\Main\Release\cl.command.1.tlog
F:\MU\ZxGames V6.0 Full Premium\ZxGames_source_6.1\MAIN_ULTIMO\Main\Release\CL.read.1.tlog
F:\MU\ZxGames V6.0 Full Premium\ZxGames_source_6.1\MAIN_ULTIMO\Main\Release\CL.write.1.tlog
F:\MU\ZXGAMES V6.0 FULL PREMIUM\ZXGAMES_SOURCE_6.1\MAIN_ULTIMO\MAIN\RELEASE\CMACROUIEX.OBJ
F:\MU\ZXGAMES V6.0 FULL PREMIUM\ZXGAMES_SOURCE_6.1\MAIN_ULTIMO\MAIN\RELEASE\COMMON.OBJ
F:\MU\ZXGAMES V6.0 FULL PREMIUM\ZXGAMES_SOURCE_6.1\MAIN_ULTIMO\MAIN\RELEASE\CONNECTION.OBJ
F:\MU\ZXGAMES V6.0 FULL PREMIUM\ZXGAMES_SOURCE_6.1\MAIN_ULTIMO\MAIN\RELEASE\CONNECTSERVER.OBJ
F:\MU\ZXGAMES V6.0 FULL PREMIUM\ZXGAMES_SOURCE_6.1\MAIN_ULTIMO\MAIN\RELEASE\CONTROLLER.OBJ
F:\MU\ZXGAMES V6.0 FULL PREMIUM\ZXGAMES_SOURCE_6.1\MAIN_ULTIMO\MAIN\RELEASE\CRITICALSECTION.OBJ
F:\MU\ZXGAMES V6.0 FULL PREMIUM\ZXGAMES_SOURCE_6.1\MAIN_ULTIMO\MAIN\RELEASE\CSCHARACTERS13.OBJ
F:\MU\ZXGAMES V6.0 FULL PREMIUM\ZXGAMES_SOURCE_6.1\MAIN_ULTIMO\MAIN\RELEASE\CSMITHITEM.OBJ
F:\MU\ZXGAMES V6.0 FULL PREMIUM\ZXGAMES_SOURCE_6.1\MAIN_ULTIMO\MAIN\RELEASE\CUSTOMBOW.OBJ
F:\MU\ZXGAMES V6.0 FULL PREMIUM\ZXGAMES_SOURCE_6.1\MAIN_ULTIMO\MAIN\RELEASE\CUSTOMBUYVIP.OBJ
F:\MU\ZXGAMES V6.0 FULL PREMIUM\ZXGAMES_SOURCE_6.1\MAIN_ULTIMO\MAIN\RELEASE\CUSTOMCLOAK.OBJ
F:\MU\ZXGAMES V6.0 FULL PREMIUM\ZXGAMES_SOURCE_6.1\MAIN_ULTIMO\MAIN\RELEASE\CUSTOMCOMMANDINFO.OBJ
F:\MU\ZXGAMES V6.0 FULL PREMIUM\ZXGAMES_SOURCE_6.1\MAIN_ULTIMO\MAIN\RELEASE\CUSTOMEFFECTREMAKE.OBJ
F:\MU\ZXGAMES V6.0 FULL PREMIUM\ZXGAMES_SOURCE_6.1\MAIN_ULTIMO\MAIN\RELEASE\CUSTOMEVENTTIME.OBJ
F:\MU\ZXGAMES V6.0 FULL PREMIUM\ZXGAMES_SOURCE_6.1\MAIN_ULTIMO\MAIN\RELEASE\CUSTOMFOG.OBJ
F:\MU\ZXGAMES V6.0 FULL PREMIUM\ZXGAMES_SOURCE_6.1\MAIN_ULTIMO\MAIN\RELEASE\CUSTOMFONT.OBJ
F:\MU\ZXGAMES V6.0 FULL PREMIUM\ZXGAMES_SOURCE_6.1\MAIN_ULTIMO\MAIN\RELEASE\CUSTOMGLOVES.OBJ
F:\MU\ZXGAMES V6.0 FULL PREMIUM\ZXGAMES_SOURCE_6.1\MAIN_ULTIMO\MAIN\RELEASE\CUSTOMITEM.OBJ
F:\MU\ZXGAMES V6.0 FULL PREMIUM\ZXGAMES_SOURCE_6.1\MAIN_ULTIMO\MAIN\RELEASE\CUSTOMITEMPRICE.OBJ
F:\MU\ZXGAMES V6.0 FULL PREMIUM\ZXGAMES_SOURCE_6.1\MAIN_ULTIMO\MAIN\RELEASE\CUSTOMJEWEL.OBJ
F:\MU\ZXGAMES V6.0 FULL PREMIUM\ZXGAMES_SOURCE_6.1\MAIN_ULTIMO\MAIN\RELEASE\CUSTOMMAP.OBJ
F:\MU\ZXGAMES V6.0 FULL PREMIUM\ZXGAMES_SOURCE_6.1\MAIN_ULTIMO\MAIN\RELEASE\CUSTOMMESSAGE.OBJ
F:\MU\ZXGAMES V6.0 FULL PREMIUM\ZXGAMES_SOURCE_6.1\MAIN_ULTIMO\MAIN\RELEASE\CUSTOMMONSTER.OBJ
F:\MU\ZXGAMES V6.0 FULL PREMIUM\ZXGAMES_SOURCE_6.1\MAIN_ULTIMO\MAIN\RELEASE\CUSTOMMONSTERGLOW.OBJ
F:\MU\ZXGAMES V6.0 FULL PREMIUM\ZXGAMES_SOURCE_6.1\MAIN_ULTIMO\MAIN\RELEASE\CUSTOMNPCNAME.OBJ
F:\MU\ZXGAMES V6.0 FULL PREMIUM\ZXGAMES_SOURCE_6.1\MAIN_ULTIMO\MAIN\RELEASE\CUSTOMPET.OBJ
F:\MU\ZXGAMES V6.0 FULL PREMIUM\ZXGAMES_SOURCE_6.1\MAIN_ULTIMO\MAIN\RELEASE\CUSTOMPETEFFECT.OBJ
F:\MU\ZXGAMES V6.0 FULL PREMIUM\ZXGAMES_SOURCE_6.1\MAIN_ULTIMO\MAIN\RELEASE\CUSTOMRANKUSER.OBJ
F:\MU\ZXGAMES V6.0 FULL PREMIUM\ZXGAMES_SOURCE_6.1\MAIN_ULTIMO\MAIN\RELEASE\CUSTOMWING.OBJ
F:\MU\ZXGAMES V6.0 FULL PREMIUM\ZXGAMES_SOURCE_6.1\MAIN_ULTIMO\MAIN\RELEASE\DYNAMICEFFECT.OBJ
F:\MU\ZXGAMES V6.0 FULL PREMIUM\ZXGAMES_SOURCE_6.1\MAIN_ULTIMO\MAIN\RELEASE\FIX.OBJ
F:\MU\ZXGAMES V6.0 FULL PREMIUM\ZXGAMES_SOURCE_6.1\MAIN_ULTIMO\MAIN\RELEASE\GETBARCHAT.OBJ
F:\MU\ZXGAMES V6.0 FULL PREMIUM\ZXGAMES_SOURCE_6.1\MAIN_ULTIMO\MAIN\RELEASE\GLFONT.OBJ
F:\MU\ZXGAMES V6.0 FULL PREMIUM\ZXGAMES_SOURCE_6.1\MAIN_ULTIMO\MAIN\RELEASE\GRANDRESETSYSTEM.OBJ
F:\MU\ZXGAMES V6.0 FULL PREMIUM\ZXGAMES_SOURCE_6.1\MAIN_ULTIMO\MAIN\RELEASE\HACKCHECK.OBJ
F:\MU\ZXGAMES V6.0 FULL PREMIUM\ZXGAMES_SOURCE_6.1\MAIN_ULTIMO\MAIN\RELEASE\HEALTHBAR.OBJ
F:\MU\ZXGAMES V6.0 FULL PREMIUM\ZXGAMES_SOURCE_6.1\MAIN_ULTIMO\MAIN\RELEASE\HWID.OBJ
F:\MU\ZXGAMES V6.0 FULL PREMIUM\ZXGAMES_SOURCE_6.1\MAIN_ULTIMO\MAIN\RELEASE\INFOLOG.OBJ
F:\MU\ZXGAMES V6.0 FULL PREMIUM\ZXGAMES_SOURCE_6.1\MAIN_ULTIMO\MAIN\RELEASE\INTER3.OBJ
F:\MU\ZXGAMES V6.0 FULL PREMIUM\ZXGAMES_SOURCE_6.1\MAIN_ULTIMO\MAIN\RELEASE\INTEREX.OBJ
F:\MU\ZXGAMES V6.0 FULL PREMIUM\ZXGAMES_SOURCE_6.1\MAIN_ULTIMO\MAIN\RELEASE\INTERFACE.OBJ
F:\MU\ZXGAMES V6.0 FULL PREMIUM\ZXGAMES_SOURCE_6.1\MAIN_ULTIMO\MAIN\RELEASE\ITEM.OBJ
F:\MU\ZXGAMES V6.0 FULL PREMIUM\ZXGAMES_SOURCE_6.1\MAIN_ULTIMO\MAIN\RELEASE\ITEMINFOEX.OBJ
F:\MU\ZXGAMES V6.0 FULL PREMIUM\ZXGAMES_SOURCE_6.1\MAIN_ULTIMO\MAIN\RELEASE\ITEMMANAGER.OBJ
F:\MU\ZXGAMES V6.0 FULL PREMIUM\ZXGAMES_SOURCE_6.1\MAIN_ULTIMO\MAIN\RELEASE\ITEMREMAKE.OBJ
F:\MU\ZXGAMES V6.0 FULL PREMIUM\ZXGAMES_SOURCE_6.1\MAIN_ULTIMO\MAIN\RELEASE\ITEMSHOPVALUE.OBJ
F:\MU\ZXGAMES V6.0 FULL PREMIUM\ZXGAMES_SOURCE_6.1\MAIN_ULTIMO\MAIN\RELEASE\ITEMSMOKE.OBJ
F:\MU\ZXGAMES V6.0 FULL PREMIUM\ZXGAMES_SOURCE_6.1\MAIN_ULTIMO\MAIN\RELEASE\ITEMTOOLTIP.OBJ
F:\MU\ZXGAMES V6.0 FULL PREMIUM\ZXGAMES_SOURCE_6.1\MAIN_ULTIMO\MAIN\RELEASE\ITEMTRSDATA.OBJ
F:\MU\ZXGAMES V6.0 FULL PREMIUM\ZXGAMES_SOURCE_6.1\MAIN_ULTIMO\MAIN\RELEASE\JEWELRYBANK.OBJ
F:\MU\ZXGAMES V6.0 FULL PREMIUM\ZXGAMES_SOURCE_6.1\MAIN_ULTIMO\MAIN\RELEASE\LARGERAND.OBJ
F:\MU\ZxGames V6.0 Full Premium\ZxGames_source_6.1\MAIN_ULTIMO\Main\Release\link.command.1.tlog
F:\MU\ZxGames V6.0 Full Premium\ZxGames_source_6.1\MAIN_ULTIMO\Main\Release\link.read.1.tlog
F:\MU\ZxGames V6.0 Full Premium\ZxGames_source_6.1\MAIN_ULTIMO\Main\Release\link.write.1.tlog
F:\MU\ZxGames V6.0 Full Premium\ZxGames_source_6.1\MAIN_ULTIMO\Main\Release\link-cvtres.read.1.tlog
F:\MU\ZxGames V6.0 Full Premium\ZxGames_source_6.1\MAIN_ULTIMO\Main\Release\link-cvtres.write.1.tlog
F:\MU\ZXGAMES V6.0 FULL PREMIUM\ZXGAMES_SOURCE_6.1\MAIN_ULTIMO\MAIN\RELEASE\LUCKYWHEEL.OBJ
F:\MU\ZXGAMES V6.0 FULL PREMIUM\ZXGAMES_SOURCE_6.1\MAIN_ULTIMO\MAIN\RELEASE\MAIN.DLL.INTERMEDIATE.MANIFEST
F:\MU\ZXGAMES V6.0 FULL PREMIUM\ZXGAMES_SOURCE_6.1\MAIN_ULTIMO\MAIN\RELEASE\MAIN.OBJ
F:\MU\ZXGAMES V6.0 FULL PREMIUM\ZXGAMES_SOURCE_6.1\MAIN_ULTIMO\MAIN\RELEASE\MAIN.PCH
F:\MU\ZXGAMES V6.0 FULL PREMIUM\ZXGAMES_SOURCE_6.1\MAIN_ULTIMO\MAIN\RELEASE\MAIN.RES
F:\MU\ZxGames V6.0 Full Premium\ZxGames_source_6.1\MAIN_ULTIMO\Main\Release\Main.vcxprojResolveAssemblyReference.cache
F:\MU\ZxGames V6.0 Full Premium\ZxGames_source_6.1\MAIN_ULTIMO\Main\Release\Main.write.1.tlog
F:\MU\ZXGAMES V6.0 FULL PREMIUM\ZXGAMES_SOURCE_6.1\MAIN_ULTIMO\MAIN\RELEASE\MASTERSKILL.OBJ
F:\MU\ZXGAMES V6.0 FULL PREMIUM\ZXGAMES_SOURCE_6.1\MAIN_ULTIMO\MAIN\RELEASE\MASTERSKILLPOINT.OBJ
F:\MU\ZXGAMES V6.0 FULL PREMIUM\ZXGAMES_SOURCE_6.1\MAIN_ULTIMO\MAIN\RELEASE\MEMSCRIPT.OBJ
F:\MU\ZXGAMES V6.0 FULL PREMIUM\ZXGAMES_SOURCE_6.1\MAIN_ULTIMO\MAIN\RELEASE\MINIMAP.OBJ
F:\MU\ZXGAMES V6.0 FULL PREMIUM\ZXGAMES_SOURCE_6.1\MAIN_ULTIMO\MAIN\RELEASE\MINIMAPINFO.OBJ
F:\MU\ZXGAMES V6.0 FULL PREMIUM\ZXGAMES_SOURCE_6.1\MAIN_ULTIMO\MAIN\RELEASE\MODELEFFECT.OBJ
F:\MU\ZXGAMES V6.0 FULL PREMIUM\ZXGAMES_SOURCE_6.1\MAIN_ULTIMO\MAIN\RELEASE\MONSTEREFFECT.OBJ
F:\MU\ZXGAMES V6.0 FULL PREMIUM\ZXGAMES_SOURCE_6.1\MAIN_ULTIMO\MAIN\RELEASE\MONSTERGLOW.OBJ
F:\MU\ZXGAMES V6.0 FULL PREMIUM\ZXGAMES_SOURCE_6.1\MAIN_ULTIMO\MAIN\RELEASE\MONSTERHPBAR.OBJ
F:\MU\ZxGames V6.0 Full Premium\ZxGames_source_6.1\MAIN_ULTIMO\Main\Release\mt.command.1.tlog
F:\MU\ZxGames V6.0 Full Premium\ZxGames_source_6.1\MAIN_ULTIMO\Main\Release\mt.read.1.tlog
F:\MU\ZxGames V6.0 Full Premium\ZxGames_source_6.1\MAIN_ULTIMO\Main\Release\mt.write.1.tlog
F:\MU\ZXGAMES V6.0 FULL PREMIUM\ZXGAMES_SOURCE_6.1\MAIN_ULTIMO\MAIN\RELEASE\MUHELPER.OBJ
F:\MU\ZXGAMES V6.0 FULL PREMIUM\ZXGAMES_SOURCE_6.1\MAIN_ULTIMO\MAIN\RELEASE\MULTISELECT.OBJ
F:\MU\ZXGAMES V6.0 FULL PREMIUM\ZXGAMES_SOURCE_6.1\MAIN_ULTIMO\MAIN\RELEASE\NOSHADOW.OBJ
F:\MU\ZXGAMES V6.0 FULL PREMIUM\ZXGAMES_SOURCE_6.1\MAIN_ULTIMO\MAIN\RELEASE\OFFTRADE.OBJ
F:\MU\ZXGAMES V6.0 FULL PREMIUM\ZXGAMES_SOURCE_6.1\MAIN_ULTIMO\MAIN\RELEASE\OPTIONBOX.OBJ
F:\MU\ZXGAMES V6.0 FULL PREMIUM\ZXGAMES_SOURCE_6.1\MAIN_ULTIMO\MAIN\RELEASE\PACKETMANAGER.OBJ
F:\MU\ZXGAMES V6.0 FULL PREMIUM\ZXGAMES_SOURCE_6.1\MAIN_ULTIMO\MAIN\RELEASE\PARTYBAR.OBJ
F:\MU\ZXGAMES V6.0 FULL PREMIUM\ZXGAMES_SOURCE_6.1\MAIN_ULTIMO\MAIN\RELEASE\PARTYBUFFS.OBJ
F:\MU\ZXGAMES V6.0 FULL PREMIUM\ZXGAMES_SOURCE_6.1\MAIN_ULTIMO\MAIN\RELEASE\PARTYSEARCH.OBJ
F:\MU\ZXGAMES V6.0 FULL PREMIUM\ZXGAMES_SOURCE_6.1\MAIN_ULTIMO\MAIN\RELEASE\PARTYSEARCHSETTINGS.OBJ
F:\MU\ZXGAMES V6.0 FULL PREMIUM\ZXGAMES_SOURCE_6.1\MAIN_ULTIMO\MAIN\RELEASE\PET.OBJ
F:\MU\ZXGAMES V6.0 FULL PREMIUM\ZXGAMES_SOURCE_6.1\MAIN_ULTIMO\MAIN\RELEASE\PETHOOK.OBJ
F:\MU\ZXGAMES V6.0 FULL PREMIUM\ZXGAMES_SOURCE_6.1\MAIN_ULTIMO\MAIN\RELEASE\PETMONTURA.OBJ
F:\MU\ZXGAMES V6.0 FULL PREMIUM\ZXGAMES_SOURCE_6.1\MAIN_ULTIMO\MAIN\RELEASE\PETPROTOCOL.OBJ
F:\MU\ZXGAMES V6.0 FULL PREMIUM\ZXGAMES_SOURCE_6.1\MAIN_ULTIMO\MAIN\RELEASE\PETTOOLTIP.OBJ
F:\MU\ZXGAMES V6.0 FULL PREMIUM\ZXGAMES_SOURCE_6.1\MAIN_ULTIMO\MAIN\RELEASE\POST_ITEM.OBJ
F:\MU\ZXGAMES V6.0 FULL PREMIUM\ZXGAMES_SOURCE_6.1\MAIN_ULTIMO\MAIN\RELEASE\POSTINTERFACE.OBJ
F:\MU\ZXGAMES V6.0 FULL PREMIUM\ZXGAMES_SOURCE_6.1\MAIN_ULTIMO\MAIN\RELEASE\PRINTPLAYER.OBJ
F:\MU\ZXGAMES V6.0 FULL PREMIUM\ZXGAMES_SOURCE_6.1\MAIN_ULTIMO\MAIN\RELEASE\PROAH.OBJ
F:\MU\ZXGAMES V6.0 FULL PREMIUM\ZXGAMES_SOURCE_6.1\MAIN_ULTIMO\MAIN\RELEASE\PROTECT.OBJ
F:\MU\ZXGAMES V6.0 FULL PREMIUM\ZXGAMES_SOURCE_6.1\MAIN_ULTIMO\MAIN\RELEASE\PROTOCOL.OBJ
F:\MU\ZXGAMES V6.0 FULL PREMIUM\ZXGAMES_SOURCE_6.1\MAIN_ULTIMO\MAIN\RELEASE\RADAR.OBJ
F:\MU\ZXGAMES V6.0 FULL PREMIUM\ZXGAMES_SOURCE_6.1\MAIN_ULTIMO\MAIN\RELEASE\RANKING.OBJ
F:\MU\ZXGAMES V6.0 FULL PREMIUM\ZXGAMES_SOURCE_6.1\MAIN_ULTIMO\MAIN\RELEASE\RANKINGEX.OBJ
F:\MU\ZxGames V6.0 Full Premium\ZxGames_source_6.1\MAIN_ULTIMO\Main\Release\rc.command.1.tlog
F:\MU\ZxGames V6.0 Full Premium\ZxGames_source_6.1\MAIN_ULTIMO\Main\Release\rc.read.1.tlog
F:\MU\ZxGames V6.0 Full Premium\ZxGames_source_6.1\MAIN_ULTIMO\Main\Release\rc.write.1.tlog
F:\MU\ZXGAMES V6.0 FULL PREMIUM\ZXGAMES_SOURCE_6.1\MAIN_ULTIMO\MAIN\RELEASE\RECONNECT.OBJ
F:\MU\ZXGAMES V6.0 FULL PREMIUM\ZXGAMES_SOURCE_6.1\MAIN_ULTIMO\MAIN\RELEASE\RENDERSKILLDARKHORSE.OBJ
F:\MU\ZXGAMES V6.0 FULL PREMIUM\ZXGAMES_SOURCE_6.1\MAIN_ULTIMO\MAIN\RELEASE\RESETSYSTEM.OBJ
F:\MU\ZXGAMES V6.0 FULL PREMIUM\ZXGAMES_SOURCE_6.1\MAIN_ULTIMO\MAIN\RELEASE\RESETSYSTEMPANEL.OBJ
F:\MU\ZXGAMES V6.0 FULL PREMIUM\ZXGAMES_SOURCE_6.1\MAIN_ULTIMO\MAIN\RELEASE\RESOLUTION.OBJ
F:\MU\ZXGAMES V6.0 FULL PREMIUM\ZXGAMES_SOURCE_6.1\MAIN_ULTIMO\MAIN\RELEASE\RUUD.OBJ
F:\MU\ZXGAMES V6.0 FULL PREMIUM\ZXGAMES_SOURCE_6.1\MAIN_ULTIMO\MAIN\RELEASE\SCENECREATE.OBJ
F:\MU\ZXGAMES V6.0 FULL PREMIUM\ZXGAMES_SOURCE_6.1\MAIN_ULTIMO\MAIN\RELEASE\SELECTCHAR.OBJ
F:\MU\ZXGAMES V6.0 FULL PREMIUM\ZXGAMES_SOURCE_6.1\MAIN_ULTIMO\MAIN\RELEASE\SERVERINFO.OBJ
F:\MU\ZXGAMES V6.0 FULL PREMIUM\ZXGAMES_SOURCE_6.1\MAIN_ULTIMO\MAIN\RELEASE\SETEFFECT.OBJ
F:\MU\ZXGAMES V6.0 FULL PREMIUM\ZXGAMES_SOURCE_6.1\MAIN_ULTIMO\MAIN\RELEASE\SHOPSEARCH.OBJ
F:\MU\ZXGAMES V6.0 FULL PREMIUM\ZXGAMES_SOURCE_6.1\MAIN_ULTIMO\MAIN\RELEASE\SITEMOPTION.OBJ
F:\MU\ZXGAMES V6.0 FULL PREMIUM\ZXGAMES_SOURCE_6.1\MAIN_ULTIMO\MAIN\RELEASE\SMITHITEM.OBJ
F:\MU\ZXGAMES V6.0 FULL PREMIUM\ZXGAMES_SOURCE_6.1\MAIN_ULTIMO\MAIN\RELEASE\STATICEFFECT.OBJ
F:\MU\ZXGAMES V6.0 FULL PREMIUM\ZXGAMES_SOURCE_6.1\MAIN_ULTIMO\MAIN\RELEASE\STATSADVANCE.OBJ
F:\MU\ZXGAMES V6.0 FULL PREMIUM\ZXGAMES_SOURCE_6.1\MAIN_ULTIMO\MAIN\RELEASE\STDAFX.OBJ
F:\MU\ZXGAMES V6.0 FULL PREMIUM\ZXGAMES_SOURCE_6.1\MAIN_ULTIMO\MAIN\RELEASE\SWITCHSERVER.OBJ
F:\MU\ZXGAMES V6.0 FULL PREMIUM\ZXGAMES_SOURCE_6.1\MAIN_ULTIMO\MAIN\RELEASE\TEST.OBJ
F:\MU\ZXGAMES V6.0 FULL PREMIUM\ZXGAMES_SOURCE_6.1\MAIN_ULTIMO\MAIN\RELEASE\TMEMORY.OBJ
F:\MU\ZXGAMES V6.0 FULL PREMIUM\ZXGAMES_SOURCE_6.1\MAIN_ULTIMO\MAIN\RELEASE\TOOLKIT.OBJ
F:\MU\ZXGAMES V6.0 FULL PREMIUM\ZXGAMES_SOURCE_6.1\MAIN_ULTIMO\MAIN\RELEASE\TRAYMODENEW.OBJ
F:\MU\ZXGAMES V6.0 FULL PREMIUM\ZXGAMES_SOURCE_6.1\MAIN_ULTIMO\MAIN\RELEASE\USER.OBJ
F:\MU\ZXGAMES V6.0 FULL PREMIUM\ZXGAMES_SOURCE_6.1\MAIN_ULTIMO\MAIN\RELEASE\UTIL.OBJ
F:\MU\ZXGAMES V6.0 FULL PREMIUM\ZXGAMES_SOURCE_6.1\MAIN_ULTIMO\MAIN\RELEASE\VC100.PDB
F:\MU\ZXGAMES V6.0 FULL PREMIUM\ZXGAMES_SOURCE_6.1\MAIN_ULTIMO\MAIN\RELEASE\WARE.OBJ
F:\MU\ZXGAMES V6.0 FULL PREMIUM\ZXGAMES_SOURCE_6.1\MAIN_ULTIMO\MAIN\RELEASE\WINDOWSQUEST.OBJ
F:\MU\ZXGAMES V6.0 FULL PREMIUM\ZXGAMES_SOURCE_6.1\MAIN_ULTIMO\MAIN\RELEASE\WINDOWSSTRUCT.OBJ
F:\MU\ZXGAMES V6.0 FULL PREMIUM\ZXGAMES_SOURCE_6.1\MAIN_ULTIMO\MAIN\RELEASE\ZZZMATHLIB.OBJ
F:\MU\ZXGAMES V6.0 FULL PREMIUM\ZXGAMES_SOURCE_6.1\MAIN_ULTIMO\RELEASE\MAIN.DLL
F:\MU\ZxGames V6.0 Full Premium\ZxGames_source_6.1\MAIN_ULTIMO\Release\Main.exp
F:\MU\ZxGames V6.0 Full Premium\ZxGames_source_6.1\MAIN_ULTIMO\Release\Main.lib
F:\MU\ZXGAMES V6.0 FULL PREMIUM\ZXGAMES_SOURCE_6.1\MAIN_ULTIMO\RELEASE\MAIN.PDB
